
> portfolio@0.1.0 lint
> eslint


C:\Users\tapan\projects\portfolio\src\components\arcade\ArcadeContainer.tsx
    5:20  warning  'useRef' is defined but never used                                                                                                                                                                                                                                                                                                                                                                                                                                                                                                                                                                                                                                                                                                                                                                                                                                                                                                                                                                                                                                                @typescript-eslint/no-unused-vars
    7:21  warning  'GameId' is defined but never used                                                                                                                                                                                                                                                                                                                                                                                                                                                                                                                                                                                                                                                                                                                                                                                                                                                                                                                                                                                                                                                @typescript-eslint/no-unused-vars
  261:9   error    Error: Calling setState synchronously within an effect can trigger cascading renders

Effects are intended to synchronize state between React and external systems such as manually updating the DOM, state management libraries, or other platform APIs. In general, the body of an effect should do one or both of the following:
* Update external systems with the latest state from React.
* Subscribe for updates from some external system, calling setState in a callback function when external state changes.

Calling setState synchronously within an effect body causes cascading renders that can hurt performance, and is not recommended. (https://react.dev/learn/you-might-not-need-an-effect).

C:\Users\tapan\projects\portfolio\src\components\arcade\ArcadeContainer.tsx:261:9
  259 |     const [mounted, setMounted] = useState(false);
  260 |     useEffect(() => {
> 261 |         setMounted(true);
      |         ^^^^^^^^^^ Avoid calling setState() directly within an effect
  262 |     }, []);
  263 |
  264 |     if (!mounted) return null;  react-hooks/set-state-in-effect

C:\Users\tapan\projects\portfolio\src\components\layout\Navbar.tsx
   98:32  error  `'` can be escaped with `&apos;`, `&lsquo;`, `&#39;`, `&rsquo;`  react/no-unescaped-entities
  136:40  error  `'` can be escaped with `&apos;`, `&lsquo;`, `&#39;`, `&rsquo;`  react/no-unescaped-entities

C:\Users\tapan\projects\portfolio\src\components\sections\ArtGallery.tsx
   74:40  warning  'total' is defined but never used  @typescript-eslint/no-unused-vars
  105:22  warning  'e' is defined but never used      @typescript-eslint/no-unused-vars

C:\Users\tapan\projects\portfolio\src\components\sections\Contact.tsx
  16:24  error  `'` can be escaped with `&apos;`, `&lsquo;`, `&#39;`, `&rsquo;`  react/no-unescaped-entities
  19:22  error  `'` can be escaped with `&apos;`, `&lsquo;`, `&#39;`, `&rsquo;`  react/no-unescaped-entities

C:\Users\tapan\projects\portfolio\src\components\ui\BrowserWindow.tsx
  4:10  warning  'Copy' is defined but never used  @typescript-eslint/no-unused-vars

C:\Users\tapan\projects\portfolio\src\components\ui\FestiveEffects.tsx
   10:43  error  Error: Cannot call impure function during render

`Math.random` is an impure function. Calling an impure function can produce unstable results that update unpredictably when the component happens to re-render. (https://react.dev/reference/rules/components-and-hooks-must-be-pure#components-and-hooks-must-be-idempotent).

C:\Users\tapan\projects\portfolio\src\components\ui\FestiveEffects.tsx:10:43
   8 | function Cracker({ delay }: { delay: number }) {
   9 |     // Rocket shoots to the top 20-40% of the screen
> 10 |     const [position] = useState({ x: 10 + Math.random() * 80, startY: 75 + Math.random() * 15 });
     |                                           ^^^^^^^^^^^^^ Cannot call impure function
  11 |     const colors = ["#FFD700", "#FF4500", "#00FF7F", "#00BFFF", "#FF1493", "#9400D3", "#FFFFFF"];
  12 |
  13 |     return (                                                                                                                                                                                                                                                                                                                                           react-hooks/purity
   10:76  error  Error: Cannot call impure function during render

`Math.random` is an impure function. Calling an impure function can produce unstable results that update unpredictably when the component happens to re-render. (https://react.dev/reference/rules/components-and-hooks-must-be-pure#components-and-hooks-must-be-idempotent).

C:\Users\tapan\projects\portfolio\src\components\ui\FestiveEffects.tsx:10:76
   8 | function Cracker({ delay }: { delay: number }) {
   9 |     // Rocket shoots to the top 20-40% of the screen
> 10 |     const [position] = useState({ x: 10 + Math.random() * 80, startY: 75 + Math.random() * 15 });
     |                                                                            ^^^^^^^^^^^^^ Cannot call impure function
  11 |     const colors = ["#FFD700", "#FF4500", "#00FF7F", "#00BFFF", "#FF1493", "#9400D3", "#FFFFFF"];
  12 |
  13 |     return (                                                                                                                                                                                                                                                                                                          react-hooks/purity
   31:39  error  Error: Cannot call impure function during render

`Math.random` is an impure function. Calling an impure function can produce unstable results that update unpredictably when the component happens to re-render. (https://react.dev/reference/rules/components-and-hooks-must-be-pure#components-and-hooks-must-be-idempotent).

C:\Users\tapan\projects\portfolio\src\components\ui\FestiveEffects.tsx:31:39
  29 |             {Array.from({ length: 24 }).map((_, i) => { // More particles
  30 |                 const angle = (i / 24) * 360;
> 31 |                 const distance = 80 + Math.random() * 100; // Bigger burst
     |                                       ^^^^^^^^^^^^^ Cannot call impure function
  32 |                 const color = colors[Math.floor(Math.random() * colors.length)];
  33 |                 return (
  34 |                     <motion.div                                                                                                                                                                                                                                                                                                                         react-hooks/purity
   32:49  error  Error: Cannot call impure function during render

`Math.random` is an impure function. Calling an impure function can produce unstable results that update unpredictably when the component happens to re-render. (https://react.dev/reference/rules/components-and-hooks-must-be-pure#components-and-hooks-must-be-idempotent).

C:\Users\tapan\projects\portfolio\src\components\ui\FestiveEffects.tsx:32:49
  30 |                 const angle = (i / 24) * 360;
  31 |                 const distance = 80 + Math.random() * 100; // Bigger burst
> 32 |                 const color = colors[Math.floor(Math.random() * colors.length)];
     |                                                 ^^^^^^^^^^^^^ Cannot call impure function
  33 |                 return (
  34 |                     <motion.div
  35 |                         key={i}                                                                                                                                                                                                                                                                                                                                                         react-hooks/purity
   55:15  error  Error: Cannot call impure function during render

`Math.random` is an impure function. Calling an impure function can produce unstable results that update unpredictably when the component happens to re-render. (https://react.dev/reference/rules/components-and-hooks-must-be-pure#components-and-hooks-must-be-idempotent).

C:\Users\tapan\projects\portfolio\src\components\ui\FestiveEffects.tsx:55:15
  53 | function Petal({ delay }: { delay: number }) {
  54 |     const [windowHeight, setWindowHeight] = useState(800);
> 55 |     const x = Math.random() * 100;
     |               ^^^^^^^^^^^^^ Cannot call impure function
  56 |     const colors = ["#FF9933", "#FFFFFF", "#138808"]; // Tricolor petals
  57 |     const color = colors[Math.floor(Math.random() * colors.length)];
  58 |                                                                                                                                                                                                                                                                                                                                                                                                   react-hooks/purity
   57:37  error  Error: Cannot call impure function during render

`Math.random` is an impure function. Calling an impure function can produce unstable results that update unpredictably when the component happens to re-render. (https://react.dev/reference/rules/components-and-hooks-must-be-pure#components-and-hooks-must-be-idempotent).

C:\Users\tapan\projects\portfolio\src\components\ui\FestiveEffects.tsx:57:37
  55 |     const x = Math.random() * 100;
  56 |     const colors = ["#FF9933", "#FFFFFF", "#138808"]; // Tricolor petals
> 57 |     const color = colors[Math.floor(Math.random() * colors.length)];
     |                                     ^^^^^^^^^^^^^ Cannot call impure function
  58 |
  59 |     useEffect(() => setWindowHeight(window.innerHeight), []);
  60 |                                                                                                                                                                                                                                                                                                                                                                                                                         react-hooks/purity
   78:31  error  Error: Cannot call impure function during render

`Math.random` is an impure function. Calling an impure function can produce unstable results that update unpredictably when the component happens to re-render. (https://react.dev/reference/rules/components-and-hooks-must-be-pure#components-and-hooks-must-be-idempotent).

C:\Users\tapan\projects\portfolio\src\components\ui\FestiveEffects.tsx:78:31
  76 |             }}
  77 |             transition={{
> 78 |                 duration: 6 + Math.random() * 4,
     |                               ^^^^^^^^^^^^^ Cannot call impure function
  79 |                 delay,
  80 |                 repeat: Infinity,
  81 |                 ease: "linear"                                                                                                                                                                                                                                                                                                                                                                                                                                                                                            react-hooks/purity
  112:51  error  Error: Cannot call impure function during render

`Math.random` is an impure function. Calling an impure function can produce unstable results that update unpredictably when the component happens to re-render. (https://react.dev/reference/rules/components-and-hooks-must-be-pure#components-and-hooks-must-be-idempotent).

C:\Users\tapan\projects\portfolio\src\components\ui\FestiveEffects.tsx:112:51
  110 |                     style={{ backgroundColor: color, color }}
  111 |                     animate={{ opacity: [0.6, 1, 0.6], scale: [0.9, 1, 0.9] }}
> 112 |                     transition={{ duration: 0.8 + Math.random() * 0.4, repeat: Infinity, delay: i * 0.1 }}
      |                                                   ^^^^^^^^^^^^^ Cannot call impure function
  113 |                 />
  114 |             ))}
  115 |         </div>                                                                                                                                                                                                                                                                                                                                        react-hooks/purity
  132:15  error  Error: Cannot call impure function during render

`Math.random` is an impure function. Calling an impure function can produce unstable results that update unpredictably when the component happens to re-render. (https://react.dev/reference/rules/components-and-hooks-must-be-pure#components-and-hooks-must-be-idempotent).

C:\Users\tapan\projects\portfolio\src\components\ui\FestiveEffects.tsx:132:15
  130 | function FloatingHeart({ delay }: { delay: number }) {
  131 |     const [windowHeight, setWindowHeight] = useState(800);
> 132 |     const x = Math.random() * 100;
      |               ^^^^^^^^^^^^^ Cannot call impure function
  133 |     const size = 10 + Math.random() * 15;
  134 |     useEffect(() => setWindowHeight(window.innerHeight), []);
  135 |                                                                                                                                                                                                                                                                                                                                                                                                                         react-hooks/purity
  133:23  error  Error: Cannot call impure function during render

`Math.random` is an impure function. Calling an impure function can produce unstable results that update unpredictably when the component happens to re-render. (https://react.dev/reference/rules/components-and-hooks-must-be-pure#components-and-hooks-must-be-idempotent).

C:\Users\tapan\projects\portfolio\src\components\ui\FestiveEffects.tsx:133:23
  131 |     const [windowHeight, setWindowHeight] = useState(800);
  132 |     const x = Math.random() * 100;
> 133 |     const size = 10 + Math.random() * 15;
      |                       ^^^^^^^^^^^^^ Cannot call impure function
  134 |     useEffect(() => setWindowHeight(window.innerHeight), []);
  135 |
  136 |     return (                                                                                                                                                                                                                                                                                                                                                                                                                                                           react-hooks/purity
  142:41  error  Error: Cannot call impure function during render

`Math.random` is an impure function. Calling an impure function can produce unstable results that update unpredictably when the component happens to re-render. (https://react.dev/reference/rules/components-and-hooks-must-be-pure#components-and-hooks-must-be-idempotent).

C:\Users\tapan\projects\portfolio\src\components\ui\FestiveEffects.tsx:142:41
  140 |             initial={{ opacity: 0 }}
  141 |             animate={{ y: [0, -windowHeight - 100], opacity: [0, 1, 1, 0], x: [0, Math.sin(delay) * 30, 0], rotate: [0, 10, -10, 0] }}
> 142 |             transition={{ duration: 8 + Math.random() * 4, delay, repeat: Infinity, ease: "linear" }}
      |                                         ^^^^^^^^^^^^^ Cannot call impure function
  143 |         >
  144 |             ❤️
  145 |         </motion.div>                                                                                                                                                                                                                                                                                                                           react-hooks/purity
  151:15  error  Error: Cannot call impure function during render

`Math.random` is an impure function. Calling an impure function can produce unstable results that update unpredictably when the component happens to re-render. (https://react.dev/reference/rules/components-and-hooks-must-be-pure#components-and-hooks-must-be-idempotent).

C:\Users\tapan\projects\portfolio\src\components\ui\FestiveEffects.tsx:151:15
  149 | function Snowflake({ delay }: { delay: number }) {
  150 |     const [windowHeight, setWindowHeight] = useState(800);
> 151 |     const x = Math.random() * 100;
      |               ^^^^^^^^^^^^^ Cannot call impure function
  152 |     useEffect(() => setWindowHeight(window.innerHeight), []);
  153 |
  154 |     return (                                                                                                                                                                                                                                                                                                                                                                                                                                                          react-hooks/purity
  159:42  error  Error: Cannot call impure function during render

`Math.random` is an impure function. Calling an impure function can produce unstable results that update unpredictably when the component happens to re-render. (https://react.dev/reference/rules/components-and-hooks-must-be-pure#components-and-hooks-must-be-idempotent).

C:\Users\tapan\projects\portfolio\src\components\ui\FestiveEffects.tsx:159:42
  157 |             style={{ left: `${x}%`, top: -20, color: '#A5F3FC', textShadow: '0:0 4px #38bdf8' }}
  158 |             animate={{ y: [0, windowHeight + 50], x: [0, Math.sin(delay * 5) * 50], rotate: [0, 360] }}
> 159 |             transition={{ duration: 10 + Math.random() * 5, delay, repeat: Infinity, ease: "linear" }}
      |                                          ^^^^^^^^^^^^^ Cannot call impure function
  160 |         >
  161 |             ❄
  162 |         </motion.div>                                                                                                                                                                                                                                                                                             react-hooks/purity
  167:15  error  Error: Cannot call impure function during render

`Math.random` is an impure function. Calling an impure function can produce unstable results that update unpredictably when the component happens to re-render. (https://react.dev/reference/rules/components-and-hooks-must-be-pure#components-and-hooks-must-be-idempotent).

C:\Users\tapan\projects\portfolio\src\components\ui\FestiveEffects.tsx:167:15
  165 |
  166 | function Sparkle({ delay }: { delay: number }) {
> 167 |     const x = Math.random() * 100;
      |               ^^^^^^^^^^^^^ Cannot call impure function
  168 |     const y = Math.random() * 100;
  169 |     return (
  170 |         <motion.div                                                                                                                                                                                                                                                                                                                                                                                                                                                                                                                              react-hooks/purity
  168:15  error  Error: Cannot call impure function during render

`Math.random` is an impure function. Calling an impure function can produce unstable results that update unpredictably when the component happens to re-render. (https://react.dev/reference/rules/components-and-hooks-must-be-pure#components-and-hooks-must-be-idempotent).

C:\Users\tapan\projects\portfolio\src\components\ui\FestiveEffects.tsx:168:15
  166 | function Sparkle({ delay }: { delay: number }) {
  167 |     const x = Math.random() * 100;
> 168 |     const y = Math.random() * 100;
      |               ^^^^^^^^^^^^^ Cannot call impure function
  169 |     return (
  170 |         <motion.div
  171 |             className="absolute w-1 h-1 bg-yellow-300 rounded-full shadow-[0_0_4px_#FFD700]"                                                                                                                                                                                                                                                                                                                                                                                                                                 react-hooks/purity
  174:80  error  Error: Cannot call impure function during render

`Math.random` is an impure function. Calling an impure function can produce unstable results that update unpredictably when the component happens to re-render. (https://react.dev/reference/rules/components-and-hooks-must-be-pure#components-and-hooks-must-be-idempotent).

C:\Users\tapan\projects\portfolio\src\components\ui\FestiveEffects.tsx:174:80
  172 |             style={{ left: `${x}%`, top: `${y}%` }}
  173 |             animate={{ scale: [0, 1, 0], opacity: [0, 1, 0] }}
> 174 |             transition={{ duration: 1.5, delay, repeat: Infinity, repeatDelay: Math.random() * 2 }}
      |                                                                                ^^^^^^^^^^^^^ Cannot call impure function
  175 |         />
  176 |     );
  177 | }                                                                                                                                                                                                                                                                                                                                                                          react-hooks/purity
  181:15  error  Error: Cannot call impure function during render

`Math.random` is an impure function. Calling an impure function can produce unstable results that update unpredictably when the component happens to re-render. (https://react.dev/reference/rules/components-and-hooks-must-be-pure#components-and-hooks-must-be-idempotent).

C:\Users\tapan\projects\portfolio\src\components\ui\FestiveEffects.tsx:181:15
  179 | function Flower({ delay }: { delay: number }) {
  180 |     const [windowHeight, setWindowHeight] = useState(800);
> 181 |     const x = Math.random() * 100;
      |               ^^^^^^^^^^^^^ Cannot call impure function
  182 |     const flowers = ["🌸", "🌺", "🌼", "🌻", "🌷"];
  183 |     const flower = flowers[Math.floor(Math.random() * flowers.length)];
  184 |     useEffect(() => setWindowHeight(window.innerHeight), []);                                                                                                                                                                                                                                                                                                                                              react-hooks/purity
  183:39  error  Error: Cannot call impure function during render

`Math.random` is an impure function. Calling an impure function can produce unstable results that update unpredictably when the component happens to re-render. (https://react.dev/reference/rules/components-and-hooks-must-be-pure#components-and-hooks-must-be-idempotent).

C:\Users\tapan\projects\portfolio\src\components\ui\FestiveEffects.tsx:183:39
  181 |     const x = Math.random() * 100;
  182 |     const flowers = ["🌸", "🌺", "🌼", "🌻", "🌷"];
> 183 |     const flower = flowers[Math.floor(Math.random() * flowers.length)];
      |                                       ^^^^^^^^^^^^^ Cannot call impure function
  184 |     useEffect(() => setWindowHeight(window.innerHeight), []);
  185 |
  186 |     return (                                                                                                                                                                                                                                                                                                                                                                                                                    react-hooks/purity
  191:41  error  Error: Cannot call impure function during render

`Math.random` is an impure function. Calling an impure function can produce unstable results that update unpredictably when the component happens to re-render. (https://react.dev/reference/rules/components-and-hooks-must-be-pure#components-and-hooks-must-be-idempotent).

C:\Users\tapan\projects\portfolio\src\components\ui\FestiveEffects.tsx:191:41
  189 |             style={{ left: `${x}%`, top: -20 }}
  190 |             animate={{ y: [0, windowHeight + 50], rotate: [0, 360], x: [0, Math.sin(delay) * 30, 0] }}
> 191 |             transition={{ duration: 6 + Math.random() * 4, delay, repeat: Infinity, ease: "linear" }}
      |                                         ^^^^^^^^^^^^^ Cannot call impure function
  192 |         >
  193 |             {flower}
  194 |         </motion.div>                                                                                                                                                                                                                                                                                                                                          react-hooks/purity
  200:15  error  Error: Cannot call impure function during render

`Math.random` is an impure function. Calling an impure function can produce unstable results that update unpredictably when the component happens to re-render. (https://react.dev/reference/rules/components-and-hooks-must-be-pure#components-and-hooks-must-be-idempotent).

C:\Users\tapan\projects\portfolio\src\components\ui\FestiveEffects.tsx:200:15
  198 | function AutumnLeaf({ delay }: { delay: number }) {
  199 |     const [windowHeight, setWindowHeight] = useState(800);
> 200 |     const x = Math.random() * 100;
      |               ^^^^^^^^^^^^^ Cannot call impure function
  201 |     const leaves = ["🍂", "🍁"];
  202 |     const leaf = leaves[Math.floor(Math.random() * leaves.length)];
  203 |     useEffect(() => setWindowHeight(window.innerHeight), []);                                                                                                                                                                                                                                                                                                                                                                 react-hooks/purity
  202:36  error  Error: Cannot call impure function during render

`Math.random` is an impure function. Calling an impure function can produce unstable results that update unpredictably when the component happens to re-render. (https://react.dev/reference/rules/components-and-hooks-must-be-pure#components-and-hooks-must-be-idempotent).

C:\Users\tapan\projects\portfolio\src\components\ui\FestiveEffects.tsx:202:36
  200 |     const x = Math.random() * 100;
  201 |     const leaves = ["🍂", "🍁"];
> 202 |     const leaf = leaves[Math.floor(Math.random() * leaves.length)];
      |                                    ^^^^^^^^^^^^^ Cannot call impure function
  203 |     useEffect(() => setWindowHeight(window.innerHeight), []);
  204 |
  205 |     return (                                                                                                                                                                                                                                                                                                                                                                                                                                              react-hooks/purity
  210:41  error  Error: Cannot call impure function during render

`Math.random` is an impure function. Calling an impure function can produce unstable results that update unpredictably when the component happens to re-render. (https://react.dev/reference/rules/components-and-hooks-must-be-pure#components-and-hooks-must-be-idempotent).

C:\Users\tapan\projects\portfolio\src\components\ui\FestiveEffects.tsx:210:41
  208 |             style={{ left: `${x}%`, top: -20 }}
  209 |             animate={{ y: [0, windowHeight + 50], rotate: [0, 360], x: [0, Math.sin(delay * 2) * 50, 0] }}
> 210 |             transition={{ duration: 8 + Math.random() * 4, delay, repeat: Infinity, ease: "linear" }}
      |                                         ^^^^^^^^^^^^^ Cannot call impure function
  211 |         >
  212 |             {leaf}
  213 |         </motion.div>                                                                                                                                                                                                                                                                                                                                        react-hooks/purity
  219:15  error  Error: Cannot call impure function during render

`Math.random` is an impure function. Calling an impure function can produce unstable results that update unpredictably when the component happens to re-render. (https://react.dev/reference/rules/components-and-hooks-must-be-pure#components-and-hooks-must-be-idempotent).

C:\Users\tapan\projects\portfolio\src\components\ui\FestiveEffects.tsx:219:15
  217 | function RainDrop({ delay }: { delay: number }) {
  218 |     const [windowHeight, setWindowHeight] = useState(800);
> 219 |     const x = Math.random() * 100;
      |               ^^^^^^^^^^^^^ Cannot call impure function
  220 |     useEffect(() => setWindowHeight(window.innerHeight), []);
  221 |
  222 |     return (                                                                                                                                                                                                                                                                                                                                                                                                                                                           react-hooks/purity
  227:43  error  Error: Cannot call impure function during render

`Math.random` is an impure function. Calling an impure function can produce unstable results that update unpredictably when the component happens to re-render. (https://react.dev/reference/rules/components-and-hooks-must-be-pure#components-and-hooks-must-be-idempotent).

C:\Users\tapan\projects\portfolio\src\components\ui\FestiveEffects.tsx:227:43
  225 |             style={{ left: `${x}%`, top: -20 }}
  226 |             animate={{ y: [0, windowHeight + 50] }}
> 227 |             transition={{ duration: 0.8 + Math.random(), delay, repeat: Infinity, ease: "linear" }}
      |                                           ^^^^^^^^^^^^^ Cannot call impure function
  228 |         />
  229 |     );
  230 | }                                                                                                                                                                                                                                                                                                                                                                                                                              react-hooks/purity
  234:12  error  Error: Cannot call impure function during render

`Math.random` is an impure function. Calling an impure function can produce unstable results that update unpredictably when the component happens to re-render. (https://react.dev/reference/rules/components-and-hooks-must-be-pure#components-and-hooks-must-be-idempotent).

C:\Users\tapan\projects\portfolio\src\components\ui\FestiveEffects.tsx:234:12
  232 | function Firefly({ delay }: { delay: number }) {
  233 |     const [position, setPosition] = useState({
> 234 |         x: Math.random() * 100,
      |            ^^^^^^^^^^^^^ Cannot call impure function
  235 |         y: Math.random() * 100
  236 |     });
  237 |                                                                                                                                                                                                                                                                                                                                                                                                                                                                                                                  react-hooks/purity
  235:12  error  Error: Cannot call impure function during render

`Math.random` is an impure function. Calling an impure function can produce unstable results that update unpredictably when the component happens to re-render. (https://react.dev/reference/rules/components-and-hooks-must-be-pure#components-and-hooks-must-be-idempotent).

C:\Users\tapan\projects\portfolio\src\components\ui\FestiveEffects.tsx:235:12
  233 |     const [position, setPosition] = useState({
  234 |         x: Math.random() * 100,
> 235 |         y: Math.random() * 100
      |            ^^^^^^^^^^^^^ Cannot call impure function
  236 |     });
  237 |
  238 |     useEffect(() => {                                                                                                                                                                                                                                                                                                                                                                                                                                                                                                                                             react-hooks/purity
  257:25  error  Error: Cannot call impure function during render

`Math.random` is an impure function. Calling an impure function can produce unstable results that update unpredictably when the component happens to re-render. (https://react.dev/reference/rules/components-and-hooks-must-be-pure#components-and-hooks-must-be-idempotent).

C:\Users\tapan\projects\portfolio\src\components\ui\FestiveEffects.tsx:257:25
  255 |             }}
  256 |             animate={{
> 257 |                 x: [0, (Math.random() - 0.5) * 100, 0],
      |                         ^^^^^^^^^^^^^ Cannot call impure function
  258 |                 y: [0, (Math.random() - 0.5) * 100, 0],
  259 |                 opacity: [0.2, 1, 0.2],
  260 |                 scale: [0.8, 1.2, 0.8]                                                                                                                                                                                                                                                                                                                                                                                                                                       react-hooks/purity
  258:25  error  Error: Cannot call impure function during render

`Math.random` is an impure function. Calling an impure function can produce unstable results that update unpredictably when the component happens to re-render. (https://react.dev/reference/rules/components-and-hooks-must-be-pure#components-and-hooks-must-be-idempotent).

C:\Users\tapan\projects\portfolio\src\components\ui\FestiveEffects.tsx:258:25
  256 |             animate={{
  257 |                 x: [0, (Math.random() - 0.5) * 100, 0],
> 258 |                 y: [0, (Math.random() - 0.5) * 100, 0],
      |                         ^^^^^^^^^^^^^ Cannot call impure function
  259 |                 opacity: [0.2, 1, 0.2],
  260 |                 scale: [0.8, 1.2, 0.8]
  261 |             }}                                                                                                                                                                                                                                                                                                                                                                                                                                       react-hooks/purity
  263:32  error  Error: Cannot call impure function during render

`Math.random` is an impure function. Calling an impure function can produce unstable results that update unpredictably when the component happens to re-render. (https://react.dev/reference/rules/components-and-hooks-must-be-pure#components-and-hooks-must-be-idempotent).

C:\Users\tapan\projects\portfolio\src\components\ui\FestiveEffects.tsx:263:32
  261 |             }}
  262 |             transition={{
> 263 |                 duration: 10 + Math.random() * 10,
      |                                ^^^^^^^^^^^^^ Cannot call impure function
  264 |                 repeat: Infinity,
  265 |                 ease: "easeInOut",
  266 |                 delay                                                                                                                                                                                                                                                                                                                                                                                                                                                                              react-hooks/purity
  291:43  error  Error: Cannot call impure function during render

`Math.random` is an impure function. Calling an impure function can produce unstable results that update unpredictably when the component happens to re-render. (https://react.dev/reference/rules/components-and-hooks-must-be-pure#components-and-hooks-must-be-idempotent).

C:\Users\tapan\projects\portfolio\src\components\ui\FestiveEffects.tsx:291:43
  289 |                         className="absolute w-[2px] bg-gradient-to-t from-transparent via-yellow-200/40 to-transparent origin-bottom"
  290 |                         style={{
> 291 |                             height: 600 + Math.random() * 200,
      |                                           ^^^^^^^^^^^^^ Cannot call impure function
  292 |                             transform: `rotate(${i * 30}deg)`,
  293 |                             bottom: "50%",
  294 |                         }}                                                                                                                                                                                                                                                                               react-hooks/purity
  300:43  error  Error: Cannot call impure function during render

`Math.random` is an impure function. Calling an impure function can produce unstable results that update unpredictably when the component happens to re-render. (https://react.dev/reference/rules/components-and-hooks-must-be-pure#components-and-hooks-must-be-idempotent).

C:\Users\tapan\projects\portfolio\src\components\ui\FestiveEffects.tsx:300:43
  298 |                         }}
  299 |                         transition={{
> 300 |                             duration: 3 + Math.random() * 2,
      |                                           ^^^^^^^^^^^^^ Cannot call impure function
  301 |                             repeat: Infinity,
  302 |                             ease: "easeInOut",
  303 |                             delay: i * 0.2                                                                                                                                                                                                                                                                                                                                                                                    react-hooks/purity
  332:15  error  Error: Cannot call impure function during render

`Math.random` is an impure function. Calling an impure function can produce unstable results that update unpredictably when the component happens to re-render. (https://react.dev/reference/rules/components-and-hooks-must-be-pure#components-and-hooks-must-be-idempotent).

C:\Users\tapan\projects\portfolio\src\components\ui\FestiveEffects.tsx:332:15
  330 |
  331 | function Ghost({ delay }: { delay: number }) {
> 332 |     const x = Math.random() * 100;
      |               ^^^^^^^^^^^^^ Cannot call impure function
  333 |     const y = Math.random() * 100;
  334 |     return (
  335 |         <motion.div                                                                                                                                                                                                                                                                                                                                                                                                                                                                                                                                react-hooks/purity
  333:15  error  Error: Cannot call impure function during render

`Math.random` is an impure function. Calling an impure function can produce unstable results that update unpredictably when the component happens to re-render. (https://react.dev/reference/rules/components-and-hooks-must-be-pure#components-and-hooks-must-be-idempotent).

C:\Users\tapan\projects\portfolio\src\components\ui\FestiveEffects.tsx:333:15
  331 | function Ghost({ delay }: { delay: number }) {
  332 |     const x = Math.random() * 100;
> 333 |     const y = Math.random() * 100;
      |               ^^^^^^^^^^^^^ Cannot call impure function
  334 |     return (
  335 |         <motion.div
  336 |             className="absolute text-2xl opacity-20"                                                                                                                                                                                                                                                                                                                                                                                                                                                                           react-hooks/purity
  351:58  error  Error: Calling setState synchronously within an effect can trigger cascading renders

Effects are intended to synchronize state between React and external systems such as manually updating the DOM, state management libraries, or other platform APIs. In general, the body of an effect should do one or both of the following:
* Update external systems with the latest state from React.
* Subscribe for updates from some external system, calling setState in a callback function when external state changes.

Calling setState synchronously within an effect body causes cascading renders that can hurt performance, and is not recommended. (https://react.dev/learn/you-might-not-need-an-effect).

C:\Users\tapan\projects\portfolio\src\components\ui\FestiveEffects.tsx:351:58
  349 |
  350 |     useEffect(() => {
> 351 |         if (theme !== 'Diwali' && theme !== 'NewYear') { setCrackers([]); return; }
      |                                                          ^^^^^^^^^^^ Avoid calling setState() directly within an effect
  352 |         const interval = setInterval(() => {
  353 |             setCrackers(prev => {
  354 |                 const newId = Date.now();  react-hooks/set-state-in-effect

C:\Users\tapan\projects\portfolio\src\components\ui\FloatingBalloons.tsx
  69:36  error  Error: Cannot call impure function during render

`Math.random` is an impure function. Calling an impure function can produce unstable results that update unpredictably when the component happens to re-render. (https://react.dev/reference/rules/components-and-hooks-must-be-pure#components-and-hooks-must-be-idempotent).

C:\Users\tapan\projects\portfolio\src\components\ui\FloatingBalloons.tsx:69:36
  67 |                             top: "-20vh",
  68 |                             opacity: [0, 0.8, 0.8, 0],
> 69 |                             x: [0, Math.random() * 50 - 25, 0] // Gentle sway
     |                                    ^^^^^^^^^^^^^ Cannot call impure function
  70 |                         }}
  71 |                         transition={{
  72 |                             duration: 15 + Math.random() * 10,  react-hooks/purity
  72:44  error  Error: Cannot call impure function during render

`Math.random` is an impure function. Calling an impure function can produce unstable results that update unpredictably when the component happens to re-render. (https://react.dev/reference/rules/components-and-hooks-must-be-pure#components-and-hooks-must-be-idempotent).

C:\Users\tapan\projects\portfolio\src\components\ui\FloatingBalloons.tsx:72:44
  70 |                         }}
  71 |                         transition={{
> 72 |                             duration: 15 + Math.random() * 10,
     |                                            ^^^^^^^^^^^^^ Cannot call impure function
  73 |                             repeat: Infinity,
  74 |                             delay: balloon.delay,
  75 |                             ease: "linear",                             react-hooks/purity

C:\Users\tapan\projects\portfolio\src\components\ui\SeasonalGreeting.tsx
  77:9  error  Error: Calling setState synchronously within an effect can trigger cascading renders

Effects are intended to synchronize state between React and external systems such as manually updating the DOM, state management libraries, or other platform APIs. In general, the body of an effect should do one or both of the following:
* Update external systems with the latest state from React.
* Subscribe for updates from some external system, calling setState in a callback function when external state changes.

Calling setState synchronously within an effect body causes cascading renders that can hurt performance, and is not recommended. (https://react.dev/learn/you-might-not-need-an-effect).

C:\Users\tapan\projects\portfolio\src\components\ui\SeasonalGreeting.tsx:77:9
  75 |         }
  76 |
> 77 |         setGreeting(msg);
     |         ^^^^^^^^^^^ Avoid calling setState() directly within an effect
  78 |     }, [theme]);
  79 |
  80 |     if (!greeting) return null;  react-hooks/set-state-in-effect

C:\Users\tapan\projects\portfolio\src\components\ui\WeatherEffects.tsx
  103:47  error  Error: Cannot call impure function during render

`Math.random` is an impure function. Calling an impure function can produce unstable results that update unpredictably when the component happens to re-render. (https://react.dev/reference/rules/components-and-hooks-must-be-pure#components-and-hooks-must-be-idempotent).

C:\Users\tapan\projects\portfolio\src\components\ui\WeatherEffects.tsx:103:47
  101 |                             animate={{ y: "100vh", opacity: 0.5 }}
  102 |                             transition={{
> 103 |                                 duration: 1 + Math.random(),
      |                                               ^^^^^^^^^^^^^ Cannot call impure function
  104 |                                 repeat: Infinity,
  105 |                                 ease: "linear",
  106 |                                 delay: Math.random() * 2                                                               react-hooks/purity
  106:40  error  Error: Cannot call impure function during render

`Math.random` is an impure function. Calling an impure function can produce unstable results that update unpredictably when the component happens to re-render. (https://react.dev/reference/rules/components-and-hooks-must-be-pure#components-and-hooks-must-be-idempotent).

C:\Users\tapan\projects\portfolio\src\components\ui\WeatherEffects.tsx:106:40
  104 |                                 repeat: Infinity,
  105 |                                 ease: "linear",
> 106 |                                 delay: Math.random() * 2
      |                                        ^^^^^^^^^^^^^ Cannot call impure function
  107 |                             }}
  108 |                             className="absolute bg-blue-400 w-[1px] h-6"
  109 |                             style={{                                                                                                   react-hooks/purity
  110:42  error  Error: Cannot call impure function during render

`Math.random` is an impure function. Calling an impure function can produce unstable results that update unpredictably when the component happens to re-render. (https://react.dev/reference/rules/components-and-hooks-must-be-pure#components-and-hooks-must-be-idempotent).

C:\Users\tapan\projects\portfolio\src\components\ui\WeatherEffects.tsx:110:42
  108 |                             className="absolute bg-blue-400 w-[1px] h-6"
  109 |                             style={{
> 110 |                                 left: `${Math.random() * 100}%`
      |                                          ^^^^^^^^^^^^^ Cannot call impure function
  111 |                             }}
  112 |                         />
  113 |                     ))}                                                                                                                                         react-hooks/purity
  118:89  error  Error: Cannot call impure function during render

`Math.random` is an impure function. Calling an impure function can produce unstable results that update unpredictably when the component happens to re-render. (https://react.dev/reference/rules/components-and-hooks-must-be-pure#components-and-hooks-must-be-idempotent).

C:\Users\tapan\projects\portfolio\src\components\ui\WeatherEffects.tsx:118:89
  116 |                         initial={{ opacity: 0 }}
  117 |                         animate={{ opacity: [0, 0.3, 0] }}
> 118 |                         transition={{ duration: 0.2, repeat: Infinity, repeatDelay: 5 + Math.random() * 10 }}
      |                                                                                         ^^^^^^^^^^^^^ Cannot call impure function
  119 |                         className="absolute inset-0 bg-white mix-blend-overlay"
  120 |                     />
  121 |                 </div>  react-hooks/purity
  131:69  error  Error: Cannot call impure function during render

`Math.random` is an impure function. Calling an impure function can produce unstable results that update unpredictably when the component happens to re-render. (https://react.dev/reference/rules/components-and-hooks-must-be-pure#components-and-hooks-must-be-idempotent).

C:\Users\tapan\projects\portfolio\src\components\ui\WeatherEffects.tsx:131:69
  129 |                             key={i}
  130 |                             initial={{ y: -20, opacity: 0 }}
> 131 |                             animate={{ y: "100vh", opacity: 0.8, x: Math.random() * 20 - 10 }}
      |                                                                     ^^^^^^^^^^^^^ Cannot call impure function
  132 |                             transition={{
  133 |                                 duration: 5 + Math.random() * 5,
  134 |                                 repeat: Infinity,                 react-hooks/purity
  133:47  error  Error: Cannot call impure function during render

`Math.random` is an impure function. Calling an impure function can produce unstable results that update unpredictably when the component happens to re-render. (https://react.dev/reference/rules/components-and-hooks-must-be-pure#components-and-hooks-must-be-idempotent).

C:\Users\tapan\projects\portfolio\src\components\ui\WeatherEffects.tsx:133:47
  131 |                             animate={{ y: "100vh", opacity: 0.8, x: Math.random() * 20 - 10 }}
  132 |                             transition={{
> 133 |                                 duration: 5 + Math.random() * 5,
      |                                               ^^^^^^^^^^^^^ Cannot call impure function
  134 |                                 repeat: Infinity,
  135 |                                 ease: "linear",
  136 |                                 delay: Math.random() * 5                               react-hooks/purity
  136:40  error  Error: Cannot call impure function during render

`Math.random` is an impure function. Calling an impure function can produce unstable results that update unpredictably when the component happens to re-render. (https://react.dev/reference/rules/components-and-hooks-must-be-pure#components-and-hooks-must-be-idempotent).

C:\Users\tapan\projects\portfolio\src\components\ui\WeatherEffects.tsx:136:40
  134 |                                 repeat: Infinity,
  135 |                                 ease: "linear",
> 136 |                                 delay: Math.random() * 5
      |                                        ^^^^^^^^^^^^^ Cannot call impure function
  137 |                             }}
  138 |                             className="absolute bg-sky-100 w-2 h-2 rounded-full blur-[1px] shadow-[0_0_4px_theme(colors.sky.300)]"
  139 |                             style={{                                         react-hooks/purity
  140:42  error  Error: Cannot call impure function during render

`Math.random` is an impure function. Calling an impure function can produce unstable results that update unpredictably when the component happens to re-render. (https://react.dev/reference/rules/components-and-hooks-must-be-pure#components-and-hooks-must-be-idempotent).

C:\Users\tapan\projects\portfolio\src\components\ui\WeatherEffects.tsx:140:42
  138 |                             className="absolute bg-sky-100 w-2 h-2 rounded-full blur-[1px] shadow-[0_0_4px_theme(colors.sky.300)]"
  139 |                             style={{
> 140 |                                 left: `${Math.random() * 100}%`
      |                                          ^^^^^^^^^^^^^ Cannot call impure function
  141 |                             }}
  142 |                         />
  143 |                     ))}                                                                               react-hooks/purity

C:\Users\tapan\projects\portfolio\src\hooks\arcade\use2048.ts
  43:17  error  'movedBoard' is never reassigned. Use 'const' instead  prefer-const
  69:21  error  'newRow' is never reassigned. Use 'const' instead      prefer-const

C:\Users\tapan\projects\portfolio\src\hooks\arcade\useArcade.ts
  67:9  error  Error: Calling setState synchronously within an effect can trigger cascading renders

Effects are intended to synchronize state between React and external systems such as manually updating the DOM, state management libraries, or other platform APIs. In general, the body of an effect should do one or both of the following:
* Update external systems with the latest state from React.
* Subscribe for updates from some external system, calling setState in a callback function when external state changes.

Calling setState synchronously within an effect body causes cascading renders that can hurt performance, and is not recommended. (https://react.dev/learn/you-might-not-need-an-effect).

C:\Users\tapan\projects\portfolio\src\hooks\arcade\useArcade.ts:67:9
  65 |                 defaultIdx = 0;
  66 |         }
> 67 |         setActiveGameIndex(defaultIdx >= 0 ? defaultIdx : 0);
     |         ^^^^^^^^^^^^^^^^^^ Avoid calling setState() directly within an effect
  68 |     }, [theme]);
  69 |
  70 |     const nextGame = useCallback(() => {  react-hooks/set-state-in-effect

C:\Users\tapan\projects\portfolio\src\hooks\arcade\useBreakout.ts
  17:11  warning  'gameLoopRef' is assigned a value but never used  @typescript-eslint/no-unused-vars
  37:17  error    'nextX' is never reassigned. Use 'const' instead  prefer-const
  38:17  error    'nextY' is never reassigned. Use 'const' instead  prefer-const

C:\Users\tapan\projects\portfolio\src\hooks\arcade\useFlappyBird.ts
  16:11  warning  'gameLoopRef' is assigned a value but never used  @typescript-eslint/no-unused-vars

C:\Users\tapan\projects\portfolio\src\hooks\arcade\useMemoryMatch.ts
  95:28  error  Unexpected any. Specify a different type  @typescript-eslint/no-explicit-any

C:\Users\tapan\projects\portfolio\src\hooks\arcade\useMinesweeper.ts
  127:28  error  Unexpected any. Specify a different type  @typescript-eslint/no-explicit-any

C:\Users\tapan\projects\portfolio\src\hooks\arcade\usePong.ts
  17:11  warning  'gameLoopRef' is assigned a value but never used  @typescript-eslint/no-unused-vars
  31:17  error    'nextX' is never reassigned. Use 'const' instead  prefer-const
  32:17  error    'nextY' is never reassigned. Use 'const' instead  prefer-const

C:\Users\tapan\projects\portfolio\src\hooks\arcade\useSpaceImpact.ts
  3:44  warning  'useRef' is defined but never used  @typescript-eslint/no-unused-vars

C:\Users\tapan\projects\portfolio\src\middleware.ts
  21:34  warning  'request' is defined but never used  @typescript-eslint/no-unused-vars

✖ 69 problems (59 errors, 10 warnings)
  6 errors and 0 warnings potentially fixable with the `--fix` option.

